<?xml version="1.0" encoding="UTF-8"?>
<!-- Generated by org.testng.reporters.JUnitXMLReporter -->
<testsuite hostname="LAPTOP-S7S335L6" name="Test1" tests="2" failures="2" timestamp="8 May 2019 21:01:32 GMT" time="0.036" errors="0">
  <testcase name="selectBranch" time="0.008" classname="com.automation.AddBranch">
    <failure type="java.lang.NullPointerException">
      <![CDATA[java.lang.NullPointerException
	at com.automation.commonfunctions.BaseSetup.navigateToURL(BaseSetup.java:57)
	at com.automation.Login.navigatetoLoginPage(Login.java:24)
	at com.automation.AddBranch.selectBranch(AddBranch.java:26)
	at org.apache.maven.surefire.testng.TestNGExecutor.run(TestNGExecutor.java:283)
	at org.apache.maven.surefire.testng.TestNGXmlTestSuite.execute(TestNGXmlTestSuite.java:75)
	at org.apache.maven.surefire.testng.TestNGProvider.invoke(TestNGProvider.java:120)
	at org.apache.maven.surefire.booter.ForkedBooter.invokeProviderInSameClassLoader(ForkedBooter.java:384)
	at org.apache.maven.surefire.booter.ForkedBooter.runSuitesInProcess(ForkedBooter.java:345)
	at org.apache.maven.surefire.booter.ForkedBooter.execute(ForkedBooter.java:126)
	at org.apache.maven.surefire.booter.ForkedBooter.main(ForkedBooter.java:418)
... Removed 21 stack frames]]>
    </failure>
  </testcase> <!-- selectBranch -->
  <testcase name="selectBranch" time="0.026" classname="com.automation.AddBranch">
    <failure type="java.lang.NullPointerException">
      <![CDATA[java.lang.NullPointerException
	at com.automation.commonfunctions.BaseSetup.getScreenshot(BaseSetup.java:84)
	at com.automation.ListenersTest.onTestFailure(ListenersTest.java:37)
	at org.apache.maven.surefire.testng.TestNGExecutor.run(TestNGExecutor.java:283)
	at org.apache.maven.surefire.testng.TestNGXmlTestSuite.execute(TestNGXmlTestSuite.java:75)
	at org.apache.maven.surefire.testng.TestNGProvider.invoke(TestNGProvider.java:120)
	at org.apache.maven.surefire.booter.ForkedBooter.invokeProviderInSameClassLoader(ForkedBooter.java:384)
	at org.apache.maven.surefire.booter.ForkedBooter.runSuitesInProcess(ForkedBooter.java:345)
	at org.apache.maven.surefire.booter.ForkedBooter.execute(ForkedBooter.java:126)
	at org.apache.maven.surefire.booter.ForkedBooter.main(ForkedBooter.java:418)
... Removed 18 stack frames]]>
    </failure>
  </testcase> <!-- selectBranch -->
</testsuite> <!-- Test1 -->
