<?xml version="1.0" encoding="UTF-8"?>
<testng-results skipped="0" failed="0" total="10" passed="10">
  <reporter-output>
  </reporter-output>
  <suite name="Suite" duration-ms="127682" started-at="2019-05-08T21:32:54Z" finished-at="2019-05-08T21:35:02Z">
    <groups>
    </groups>
    <test name="Add Branch" duration-ms="13127" started-at="2019-05-08T21:32:54Z" finished-at="2019-05-08T21:33:07Z">
      <class name="com.automation.AddBranch">
        <test-method status="PASS" signature="initializeBrowser()[pri:0, instance:com.automation.AddBranch@5315b42e]" name="initializeBrowser" is-config="true" duration-ms="4630" started-at="2019-05-08T22:32:54Z" finished-at="2019-05-08T22:32:59Z">
          <reporter-output>
          </reporter-output>
        </test-method> <!-- initializeBrowser -->
        <test-method status="PASS" signature="selectBranch()[pri:0, instance:com.automation.AddBranch@5315b42e]" name="selectBranch" duration-ms="8286" started-at="2019-05-08T22:32:59Z" finished-at="2019-05-08T22:33:07Z">
          <reporter-output>
          </reporter-output>
        </test-method> <!-- selectBranch -->
        <test-method status="PASS" signature="tearDown()[pri:0, instance:com.automation.AddBranch@5315b42e]" name="tearDown" is-config="true" duration-ms="196" started-at="2019-05-08T22:33:07Z" finished-at="2019-05-08T22:33:07Z">
          <reporter-output>
          </reporter-output>
        </test-method> <!-- tearDown -->
      </class> <!-- com.automation.AddBranch -->
    </test> <!-- Add Branch -->
    <test name="SearchBranch" duration-ms="13798" started-at="2019-05-08T21:33:07Z" finished-at="2019-05-08T21:33:21Z">
      <class name="com.automation.SearchBranch">
        <test-method status="PASS" signature="initializeBrowser()[pri:0, instance:com.automation.SearchBranch@61dc03ce]" name="initializeBrowser" is-config="true" duration-ms="4238" started-at="2019-05-08T22:33:07Z" finished-at="2019-05-08T22:33:12Z">
          <reporter-output>
          </reporter-output>
        </test-method> <!-- initializeBrowser -->
        <test-method status="PASS" signature="searchingBranch()[pri:0, instance:com.automation.SearchBranch@61dc03ce]" name="searchingBranch" duration-ms="7413" started-at="2019-05-08T22:33:12Z" finished-at="2019-05-08T22:33:19Z">
          <reporter-output>
          </reporter-output>
        </test-method> <!-- searchingBranch -->
        <test-method status="PASS" signature="tearDown()[pri:0, instance:com.automation.SearchBranch@61dc03ce]" name="tearDown" is-config="true" duration-ms="2147" started-at="2019-05-08T22:33:19Z" finished-at="2019-05-08T22:33:21Z">
          <reporter-output>
          </reporter-output>
        </test-method> <!-- tearDown -->
      </class> <!-- com.automation.SearchBranch -->
    </test> <!-- SearchBranch -->
    <test name="EditBranch" duration-ms="10551" started-at="2019-05-08T21:33:21Z" finished-at="2019-05-08T21:33:32Z">
      <class name="com.automation.EditBranch">
        <test-method status="PASS" signature="initializeBrowser()[pri:0, instance:com.automation.EditBranch@26f67b76]" name="initializeBrowser" is-config="true" duration-ms="3121" started-at="2019-05-08T22:33:21Z" finished-at="2019-05-08T22:33:24Z">
          <reporter-output>
          </reporter-output>
        </test-method> <!-- initializeBrowser -->
        <test-method status="PASS" signature="EditBranchDetails()[pri:0, instance:com.automation.EditBranch@26f67b76]" name="EditBranchDetails" duration-ms="5262" started-at="2019-05-08T22:33:24Z" finished-at="2019-05-08T22:33:30Z">
          <reporter-output>
          </reporter-output>
        </test-method> <!-- EditBranchDetails -->
        <test-method status="PASS" signature="tearDown()[pri:0, instance:com.automation.EditBranch@26f67b76]" name="tearDown" is-config="true" duration-ms="2167" started-at="2019-05-08T22:33:30Z" finished-at="2019-05-08T22:33:32Z">
          <reporter-output>
          </reporter-output>
        </test-method> <!-- tearDown -->
      </class> <!-- com.automation.EditBranch -->
    </test> <!-- EditBranch -->
    <test name="ViewBranch" duration-ms="13348" started-at="2019-05-08T21:33:32Z" finished-at="2019-05-08T21:33:45Z">
      <class name="com.automation.ViewBranch">
        <test-method status="PASS" signature="initializeBrowser()[pri:0, instance:com.automation.ViewBranch@59e84876]" name="initializeBrowser" is-config="true" duration-ms="3924" started-at="2019-05-08T22:33:32Z" finished-at="2019-05-08T22:33:36Z">
          <reporter-output>
          </reporter-output>
        </test-method> <!-- initializeBrowser -->
        <test-method status="PASS" signature="ViewBranchDetails()[pri:0, instance:com.automation.ViewBranch@59e84876]" name="ViewBranchDetails" duration-ms="7266" started-at="2019-05-08T22:33:36Z" finished-at="2019-05-08T22:33:43Z">
          <reporter-output>
          </reporter-output>
        </test-method> <!-- ViewBranchDetails -->
        <test-method status="PASS" signature="tearDown()[pri:0, instance:com.automation.ViewBranch@59e84876]" name="tearDown" is-config="true" duration-ms="2158" started-at="2019-05-08T22:33:43Z" finished-at="2019-05-08T22:33:45Z">
          <reporter-output>
          </reporter-output>
        </test-method> <!-- tearDown -->
      </class> <!-- com.automation.ViewBranch -->
    </test> <!-- ViewBranch -->
    <test name="DeleteBranch" duration-ms="12218" started-at="2019-05-08T21:33:45Z" finished-at="2019-05-08T21:33:58Z">
      <class name="com.automation.DeleteBranch">
        <test-method status="PASS" signature="initializeBrowser()[pri:0, instance:com.automation.DeleteBranch@b97c004]" name="initializeBrowser" is-config="true" duration-ms="3534" started-at="2019-05-08T22:33:45Z" finished-at="2019-05-08T22:33:49Z">
          <reporter-output>
          </reporter-output>
        </test-method> <!-- initializeBrowser -->
        <test-method status="PASS" signature="BranchDelete()[pri:0, instance:com.automation.DeleteBranch@b97c004]" name="BranchDelete" duration-ms="6540" started-at="2019-05-08T22:33:49Z" finished-at="2019-05-08T22:33:55Z">
          <reporter-output>
          </reporter-output>
        </test-method> <!-- BranchDelete -->
        <test-method status="PASS" signature="tearDown()[pri:0, instance:com.automation.DeleteBranch@b97c004]" name="tearDown" is-config="true" duration-ms="2144" started-at="2019-05-08T22:33:55Z" finished-at="2019-05-08T22:33:58Z">
          <reporter-output>
          </reporter-output>
        </test-method> <!-- tearDown -->
      </class> <!-- com.automation.DeleteBranch -->
    </test> <!-- DeleteBranch -->
    <test name="Add Staff" duration-ms="11317" started-at="2019-05-08T21:33:58Z" finished-at="2019-05-08T21:34:09Z">
      <class name="com.automation.AddStaff">
        <test-method status="PASS" signature="initializeBrowser()[pri:0, instance:com.automation.AddStaff@458ad742]" name="initializeBrowser" is-config="true" duration-ms="3874" started-at="2019-05-08T22:33:58Z" finished-at="2019-05-08T22:34:02Z">
          <reporter-output>
          </reporter-output>
        </test-method> <!-- initializeBrowser -->
        <test-method status="PASS" signature="selectStaff()[pri:0, instance:com.automation.AddStaff@458ad742]" name="selectStaff" duration-ms="7212" started-at="2019-05-08T22:34:02Z" finished-at="2019-05-08T22:34:09Z">
          <reporter-output>
          </reporter-output>
        </test-method> <!-- selectStaff -->
        <test-method status="PASS" signature="tearDown()[pri:0, instance:com.automation.AddStaff@458ad742]" name="tearDown" is-config="true" duration-ms="231" started-at="2019-05-08T22:34:09Z" finished-at="2019-05-08T22:34:09Z">
          <reporter-output>
          </reporter-output>
        </test-method> <!-- tearDown -->
      </class> <!-- com.automation.AddStaff -->
    </test> <!-- Add Staff -->
    <test name="SearchStaff" duration-ms="11135" started-at="2019-05-08T21:34:09Z" finished-at="2019-05-08T21:34:20Z">
      <class name="com.automation.SearchStaff">
        <test-method status="PASS" signature="initializeBrowser()[pri:0, instance:com.automation.SearchStaff@1efbd816]" name="initializeBrowser" is-config="true" duration-ms="3632" started-at="2019-05-08T22:34:09Z" finished-at="2019-05-08T22:34:13Z">
          <reporter-output>
          </reporter-output>
        </test-method> <!-- initializeBrowser -->
        <test-method status="PASS" signature="searchingStaff()[pri:0, instance:com.automation.SearchStaff@1efbd816]" name="searchingStaff" duration-ms="5341" started-at="2019-05-08T22:34:13Z" finished-at="2019-05-08T22:34:18Z">
          <reporter-output>
          </reporter-output>
        </test-method> <!-- searchingStaff -->
        <test-method status="PASS" signature="tearDown()[pri:0, instance:com.automation.SearchStaff@1efbd816]" name="tearDown" is-config="true" duration-ms="2161" started-at="2019-05-08T22:34:18Z" finished-at="2019-05-08T22:34:20Z">
          <reporter-output>
          </reporter-output>
        </test-method> <!-- tearDown -->
      </class> <!-- com.automation.SearchStaff -->
    </test> <!-- SearchStaff -->
    <test name="ViewStaff" duration-ms="12649" started-at="2019-05-08T21:34:20Z" finished-at="2019-05-08T21:34:33Z">
      <class name="com.automation.ViewStaff">
        <test-method status="PASS" signature="initializeBrowser()[pri:0, instance:com.automation.ViewStaff@7ac7a4e4]" name="initializeBrowser" is-config="true" duration-ms="4019" started-at="2019-05-08T22:34:20Z" finished-at="2019-05-08T22:34:24Z">
          <reporter-output>
          </reporter-output>
        </test-method> <!-- initializeBrowser -->
        <test-method status="PASS" signature="ViewStaffDetails()[pri:0, instance:com.automation.ViewStaff@7ac7a4e4]" name="ViewStaffDetails" duration-ms="6500" started-at="2019-05-08T22:34:24Z" finished-at="2019-05-08T22:34:31Z">
          <reporter-output>
          </reporter-output>
        </test-method> <!-- ViewStaffDetails -->
        <test-method status="PASS" signature="tearDown()[pri:0, instance:com.automation.ViewStaff@7ac7a4e4]" name="tearDown" is-config="true" duration-ms="2130" started-at="2019-05-08T22:34:31Z" finished-at="2019-05-08T22:34:33Z">
          <reporter-output>
          </reporter-output>
        </test-method> <!-- tearDown -->
      </class> <!-- com.automation.ViewStaff -->
    </test> <!-- ViewStaff -->
    <test name="EditStaff" duration-ms="13435" started-at="2019-05-08T21:34:33Z" finished-at="2019-05-08T21:34:47Z">
      <class name="com.automation.EditStaff">
        <test-method status="PASS" signature="initializeBrowser()[pri:0, instance:com.automation.EditStaff@4439f31e]" name="initializeBrowser" is-config="true" duration-ms="3867" started-at="2019-05-08T22:34:33Z" finished-at="2019-05-08T22:34:37Z">
          <reporter-output>
          </reporter-output>
        </test-method> <!-- initializeBrowser -->
        <test-method status="PASS" signature="EditStaffDetails()[pri:0, instance:com.automation.EditStaff@4439f31e]" name="EditStaffDetails" duration-ms="7453" started-at="2019-05-08T22:34:37Z" finished-at="2019-05-08T22:34:44Z">
          <reporter-output>
          </reporter-output>
        </test-method> <!-- EditStaffDetails -->
        <test-method status="PASS" signature="tearDown()[pri:0, instance:com.automation.EditStaff@4439f31e]" name="tearDown" is-config="true" duration-ms="2114" started-at="2019-05-08T22:34:44Z" finished-at="2019-05-08T22:34:47Z">
          <reporter-output>
          </reporter-output>
        </test-method> <!-- tearDown -->
      </class> <!-- com.automation.EditStaff -->
    </test> <!-- EditStaff -->
    <test name="DeleteStaff" duration-ms="15055" started-at="2019-05-08T21:34:47Z" finished-at="2019-05-08T21:35:02Z">
      <class name="com.automation.DeleteStaff">
        <test-method status="PASS" signature="initializeBrowser()[pri:0, instance:com.automation.DeleteStaff@100fc185]" name="initializeBrowser" is-config="true" duration-ms="4467" started-at="2019-05-08T22:34:47Z" finished-at="2019-05-08T22:34:51Z">
          <reporter-output>
          </reporter-output>
        </test-method> <!-- initializeBrowser -->
        <test-method status="PASS" signature="StaffDelete()[pri:0, instance:com.automation.DeleteStaff@100fc185]" name="StaffDelete" duration-ms="8390" started-at="2019-05-08T22:34:51Z" finished-at="2019-05-08T22:34:59Z">
          <reporter-output>
          </reporter-output>
        </test-method> <!-- StaffDelete -->
        <test-method status="PASS" signature="tearDown()[pri:0, instance:com.automation.DeleteStaff@100fc185]" name="tearDown" is-config="true" duration-ms="2197" started-at="2019-05-08T22:34:59Z" finished-at="2019-05-08T22:35:02Z">
          <reporter-output>
          </reporter-output>
        </test-method> <!-- tearDown -->
      </class> <!-- com.automation.DeleteStaff -->
    </test> <!-- DeleteStaff -->
  </suite> <!-- Suite -->
</testng-results>
